<?xml version="1.0" encoding="UTF-8"?>
<testng-results ignored="0" total="1" passed="1" failed="0" skipped="0">
  <reporter-output>
  </reporter-output>
  <suite started-at="2023-03-24T16:17:37 IST" name="Default suite" finished-at="2023-03-24T16:19:10 IST" duration-ms="93769">
    <groups>
    </groups>
    <test started-at="2023-03-24T16:17:37 IST" name="Default test" finished-at="2023-03-24T16:19:10 IST" duration-ms="93769">
      <class name="com.edepoze.client.test.scenarios.Client_Zoom_Mediation_Session">
        <test-method is-config="true" signature="Browserlaunch()[pri:0, instance:com.edepoze.client.test.scenarios.Client_Zoom_Mediation_Session@3c19aaa5]" started-at="2023-03-24T16:17:37 IST" name="Browserlaunch" finished-at="2023-03-24T16:17:47 IST" duration-ms="9777" status="PASS">
          <reporter-output>
          </reporter-output>
        </test-method> <!-- Browserlaunch -->
        <test-method signature="ZoomMediationSession()[pri:5, instance:com.edepoze.client.test.scenarios.Client_Zoom_Mediation_Session@3c19aaa5]" started-at="2023-03-24T16:17:47 IST" name="ZoomMediationSession" finished-at="2023-03-24T16:19:10 IST" duration-ms="83914" status="PASS">
          <reporter-output>
          </reporter-output>
        </test-method> <!-- ZoomMediationSession -->
        <test-method is-config="true" signature="FaildScreenshotCapture1(org.testng.ITestResult)[pri:0, instance:com.edepoze.client.test.scenarios.Client_Zoom_Mediation_Session@3c19aaa5]" started-at="2023-03-24T16:19:10 IST" name="FaildScreenshotCapture1" finished-at="2023-03-24T16:19:10 IST" duration-ms="4" status="PASS">
          <params>
            <param index="0">
              <value>
                <![CDATA[[TestResult name=ZoomMediationSession status=SUCCESS method=Client_Zoom_Mediation_Session.ZoomMediationSession()[pri:5, instance:com.edepoze.client.test.scenarios.Client_Zoom_Mediation_Session@3c19aaa5] output={null}]]]>
              </value>
            </param>
          </params>
          <reporter-output>
          </reporter-output>
        </test-method> <!-- FaildScreenshotCapture1 -->
      </class> <!-- com.edepoze.client.test.scenarios.Client_Zoom_Mediation_Session -->
    </test> <!-- Default test -->
  </suite> <!-- Default suite -->
</testng-results>
