<?xml version="1.0" encoding="UTF-8"?>
<!-- Generated by org.testng.reporters.JUnitXMLReporter -->
<testsuite ignored="0" hostname="DESKTOP-7RJRRG5" failures="0" tests="2" name="eDepoze" time="89.754" errors="0" timestamp="2023-03-23T17:43:43 IST">
  <testcase classname="com.edepoze.reseller.test.scenarios.Reseller_Login" name="Resellerlogin" time="5.649"/>
  <testcase classname="com.edepoze.reseller.test.scenarios.Reseller_Add_Enterprise" name="AddEnterpriseClient" time="63.901"/>
</testsuite> <!-- eDepoze -->
