<?xml version="1.0" encoding="UTF-8"?>
<!-- Generated by org.testng.reporters.JUnitXMLReporter -->
<testsuite ignored="0" hostname="DESKTOP-7RJRRG5" failures="0" tests="6" name="eDepoze" time="382.367" errors="0" timestamp="2023-03-23T12:56:13 IST">
  <testcase classname="com.edepoze.client.test.scenarios.Client_Zoom_ArbitrationSession_Creation" name="ZoomArbitrationSessionCreation" time="60.821"/>
  <testcase classname="com.edepoze.client.test.scenarios.Client_Zoom_Deposition_Sessions_Creation" name="ZoomDepositionSessionCreation" time="63.078"/>
  <testcase classname="com.edepoze.client.test.scenarios.Client_Zoom_Mediation_Session" name="ZoomMediationSession" time="63.337"/>
  <testcase classname="com.edepoze.client.test.scenarios.Client_Zoom_TrialSession_Creation" name="ZoomTrialSessionCreation" time="63.819"/>
  <testcase classname="com.edepoze.client.test.scenarios.Client_Zoom_WitnessPrep_Session_Creation" name="ZoomWitnessPrepSessionCreation" time="67.235"/>
  <testcase classname="com.edepoze.client.test.scenarios.Client_Case_Sessions_Page_Sorting" name="ClienCaseSessionsPageSorting" time="16.961"/>
</testsuite> <!-- eDepoze -->
